[2024-04-29T08:56:00.894884+00:00] blog.INFO: Post created: 59986424-95ce-45e2-9487-9f511a4227bc [] []
[2024-04-29T08:57:11.574483+00:00] blog.INFO: Post created: 9d7721e4-d50e-4560-92a7-d31fd0d7fcd7 [] []
[2024-04-29T19:28:56.896394+00:00] blog.INFO: User created: uuid[5694cf9a-a282-43ef-852c-75639302c82f] [] []
[2024-04-29T19:30:49.125204+00:00] blog.INFO: User created: uuid[] [] []
[2024-04-29T19:32:57.658028+00:00] blog.INFO: User created: uuid[] [] []
[2024-04-29T19:36:17.643848+00:00] blog.INFO: User created: uuid[] [] []
[2024-04-29T19:38:37.302444+00:00] blog.INFO: User created: uuid[b9a7f38d-4a46-46f2-b949-24c908500615] [] []
[2024-04-30T12:45:50.690184+00:00] blog.INFO: User created: uuid[840dbd8e-4088-4da2-9e39-baa0d385681e] [] []
[2024-04-30T12:46:55.826517+00:00] blog.INFO: User created: uuid[3b84ffcf-0232-46c7-b66a-f950ade469ba] [] []
[2024-04-30T12:47:10.067619+00:00] blog.INFO: User created: uuid[2c3fdfec-96c1-42e4-bff0-8cfb12fcf802] [] []
[2024-05-01T11:21:49.204344+00:00] blog.INFO: User created: uuid[53cd3a03-b4f0-4971-9cec-f4bea31dec9b] [] []
[2024-05-01T11:22:41.147743+00:00] blog.INFO: User created: uuid[6ad4fa3d-ad34-46c5-a7fd-a2a356af9b10] [] []
[2024-05-01T11:39:01.392180+00:00] blog.INFO: User created: uuid[b886dff0-6282-43cf-90d3-62be20e53022] [] []
[2024-05-01T11:41:06.046414+00:00] blog.NOTICE: Route not found: GET /login [] []
[2024-05-01T12:00:37.103783+00:00] blog.INFO: Post created: 7e8b65eb-0c8f-4c63-8aea-5bc12e74a5c7 [] []
[2024-05-02T08:05:51.946767+00:00] blog.WARNING: Post not found: uuid[9d7721e4-d50e-4560-92a7-d31fd0d7fcd7] [] []
[2024-05-02T08:06:12.690747+00:00] blog.WARNING: Post not found: uuid[9d7721e4-d50e-4560-92a7-d31fd0d7fcd7] [] []
[2024-05-02T08:26:05.147616+00:00] blog.WARNING: Post not found: uuid[9d7721e4-d50e-4560-92a7-d31fd0d7fcd7] [] []
[2024-05-02T08:26:33.295427+00:00] blog.INFO: PostLike created: uuid[9e0bc9b3-562f-412e-a74e-b3e24d3110de] [] []
[2024-05-02T08:27:02.448835+00:00] blog.INFO: Post created: d386ed51-221a-4086-88cb-a6e3070f0a69 [] []
[2024-05-02T08:27:24.261232+00:00] blog.INFO: PostLike created: uuid[b7ce18d3-51b5-4d06-a136-823e4889b76e] [] []
[2024-05-02T10:08:51.641418+00:00] blog.INFO: User created: uuid[b4a7e80c-679b-44b1-93e0-daab866fb4da] [] []
[2024-05-02T10:25:11.496994+00:00] blog.NOTICE: Route not found: GET /logout [] []
